<?xml version="1.0" encoding="UTF-8"?>
<!-- Generated by org.testng.reporters.JUnitXMLReporter -->
<testsuite ignored="0" hostname="hchatha-pk" failures="0" tests="3" name="Test" time="38.168" errors="0" timestamp="2020-03-22T22:02:05 PDT">
  <testcase classname="testCases.ValidateTitle" name="BasePageNavigation" time="4.364"/>
  <testcase classname="testCases.HomePageTest" name="TestBasePageNavigation" time="10.401"/>
  <testcase classname="testCases.HomePageTest" name="TestBasePageNavigation" time="4.941"/>
</testsuite> <!-- Test -->
